@<1691290465325>:[A user navigated to "/sitemap.xml.gz" and the file "/404.html" was displayed to the user.]
@<1691294073837>:[A user navigated to "/sitemap.xml.gz" and the file "/404.html" was displayed to the user.]
@<1691351436597>:[A user navigated to "/wp-includes/wlwmanifest.xml" and the file "/404.html" was displayed to the user.]
@<1691351437424>:[A user navigated to "/administrator/index.php" and the file "/404.html" was displayed to the user.]
@<1691351437969>:[A user navigated to "/view-source:" and the file "/404.html" was displayed to the user.]
@<1691351438559>:[A user navigated to "/misc/ajax.js" and the file "/404.html" was displayed to the user.]
@<1691355257343>:[A user navigated to "/sitemap.xml.gz" and the file "/404.html" was displayed to the user.]
@<1691355446546>:[A user navigated to "/wp-includes/wlwmanifest.xml" and the file "/404.html" was displayed to the user.]
@<1691355447080>:[A user navigated to "/administrator/index.php" and the file "/404.html" was displayed to the user.]
@<1691355447617>:[A user navigated to "/view-source:" and the file "/404.html" was displayed to the user.]
@<1691355448237>:[A user navigated to "/misc/ajax.js" and the file "/404.html" was displayed to the user.]
@<1691357941796>:[A user navigated to "/.env" and the file "/404.html" was displayed to the user.]
@<1691358301892>:[A user navigated to "/sitemap.xml.gz" and the file "/404.html" was displayed to the user.]
@<1691359815687>:[A user navigated to "/wp-includes/wlwmanifest.xml" and the file "/404.html" was displayed to the user.]
@<1691359816205>:[A user navigated to "/administrator/index.php" and the file "/404.html" was displayed to the user.]
@<1691359816762>:[A user navigated to "/view-source:" and the file "/404.html" was displayed to the user.]
@<1691359817432>:[A user navigated to "/misc/ajax.js" and the file "/404.html" was displayed to the user.]
@<1691362218294>:[A user navigated to "/wp-includes/wlwmanifest.xml" and the file "/404.html" was displayed to the user.]
@<1691362219340>:[A user navigated to "/administrator/index.php" and the file "/404.html" was displayed to the user.]
@<1691362220181>:[A user navigated to "/view-source:" and the file "/404.html" was displayed to the user.]
@<1691362220827>:[A user navigated to "/misc/ajax.js" and the file "/404.html" was displayed to the user.]
@<1691367576529>:[A user navigated to "/wp-includes/wlwmanifest.xml" and the file "/404.html" was displayed to the user.]
@<1691367577126>:[A user navigated to "/administrator/index.php" and the file "/404.html" was displayed to the user.]
@<1691367577830>:[A user navigated to "/view-source:" and the file "/404.html" was displayed to the user.]
@<1691367578470>:[A user navigated to "/misc/ajax.js" and the file "/404.html" was displayed to the user.]
