@<1690891608453>:[A user navigated to "/Public/home/js/check.js" and the file "/404.html" was displayed to the user.]
@<1690891609500>:[A user navigated to "/static/admin/javascript/hetong.js" and the file "/404.html" was displayed to the user.]
@<1690893445534>:[A user navigated to "/.git/config" and the file "/404.html" was displayed to the user.]
@<1690893510528>:[A user navigated to "/.vscode/sftp.json" and the file "/404.html" was displayed to the user.]
@<1690893511065>:[A user navigated to "/about" and the file "/404.html" was displayed to the user.]
@<1690893511462>:[A user navigated to "/debug/default/view?panel=config" and the file "/404.html" was displayed to the user.]
@<1690893511997>:[A user navigated to "/v2/_catalog" and the file "/404.html" was displayed to the user.]
@<1690893512391>:[A user navigated to "/ecp/Current/exporttool/microsoft.exchange.ediscovery.exporttool.application" and the file "/404.html" was displayed to the user.]
@<1690893512683>:[A user navigated to "/server-status" and the file "/404.html" was displayed to the user.]
@<1690893513042>:[A user navigated to "/login.action" and the file "/404.html" was displayed to the user.]
@<1690893513321>:[A user navigated to "/_all_dbs" and the file "/404.html" was displayed to the user.]
@<1690893513928>:[A user navigated to "/.DS_Store" and the file "/404.html" was displayed to the user.]
@<1690893514221>:[A user navigated to "/.env" and the file "/404.html" was displayed to the user.]
@<1690893514649>:[A user navigated to "/.git/config" and the file "/404.html" was displayed to the user.]
@<1690893515058>:[A user navigated to "/s/8323e2439313e2032313e24333/_/;/META-INF/maven/com.atlassian.jira/jira-webapp-dist/pom.properties" and the file "/404.html" was displayed to the user.]
@<1690893515318>:[A user navigated to "/config.json" and the file "/404.html" was displayed to the user.]
@<1690893515591>:[A user navigated to "/telescope/requests" and the file "/404.html" was displayed to the user.]
@<1690904068652>:[A user navigated to "/.well-known/security.txt" and the file "/404.html" was displayed to the user.]
@<1690904438492>:[A user navigated to "/app-ads.txt" and the file "/404.html" was displayed to the user.]
@<1690904438709>:[A user navigated to "/ads.txt" and the file "/404.html" was displayed to the user.]
@<1690918999890>:[A user navigated to "/wp-includes/wlwmanifest.xml" and the file "/404.html" was displayed to the user.]
@<1690919000913>:[A user navigated to "/administrator/index.php" and the file "/404.html" was displayed to the user.]
@<1690919001700>:[A user navigated to "/view-source:" and the file "/404.html" was displayed to the user.]
@<1690919002281>:[A user navigated to "/misc/ajax.js" and the file "/404.html" was displayed to the user.]
@<1690920319283>:[A user navigated to "/wp-login.php" and the file "/404.html" was displayed to the user.]
