@<1690943216154>:[A user navigated to "/linusadmin-phpinfo.php" and the file "/404.html" was displayed to the user.]
@<1690943216156>:[A user navigated to "/phpinfo.php" and the file "/404.html" was displayed to the user.]
@<1690943216158>:[A user navigated to "/_profiler/phpinfo.php" and the file "/404.html" was displayed to the user.]
@<1690943216168>:[A user navigated to "/time.php" and the file "/404.html" was displayed to the user.]
@<1690943216173>:[A user navigated to "/php-info.php" and the file "/404.html" was displayed to the user.]
@<1690943216185>:[A user navigated to "/test.php" and the file "/404.html" was displayed to the user.]
@<1690943216188>:[A user navigated to "/php.php" and the file "/404.html" was displayed to the user.]
@<1690943216189>:[A user navigated to "/phpversion.php" and the file "/404.html" was displayed to the user.]
@<1690943216194>:[A user navigated to "/dashboard/phpinfo.php" and the file "/404.html" was displayed to the user.]
@<1690943216213>:[A user navigated to "/php_info.php" and the file "/404.html" was displayed to the user.]
@<1690943216253>:[A user navigated to "/info.php" and the file "/404.html" was displayed to the user.]
@<1690943216341>:[A user navigated to "/infos.php" and the file "/404.html" was displayed to the user.]
@<1690943216358>:[A user navigated to "/index.php" and the file "/404.html" was displayed to the user.]
@<1690943216360>:[A user navigated to "/_profiler/phpinfo" and the file "/404.html" was displayed to the user.]
@<1690943216365>:[A user navigated to "/pinfo.php" and the file "/404.html" was displayed to the user.]
@<1690943216366>:[A user navigated to "/i.php" and the file "/404.html" was displayed to the user.]
@<1690943216372>:[A user navigated to "/asdf.php" and the file "/404.html" was displayed to the user.]
@<1690943216384>:[A user navigated to "/infophp.php" and the file "/404.html" was displayed to the user.]
@<1690943216396>:[A user navigated to "/old_phpinfo.php" and the file "/404.html" was displayed to the user.]
@<1690943216486>:[A user navigated to "/temp.php" and the file "/404.html" was displayed to the user.]
@<1690967124341>:[A user navigated to "/sitemaps.xml" and the file "/404.html" was displayed to the user.]
@<1690970791826>:[A user navigated to "/sitemaps.xml" and the file "/404.html" was displayed to the user.]
@<1690990652696>:[A user navigated to "/sitemaps.xml" and the file "/404.html" was displayed to the user.]
@<1690994167940>:[A user navigated to "/sitemaps.xml" and the file "/404.html" was displayed to the user.]
