@<1691015576941>:[A user navigated to "/assets/arrows/L.png" and the file "/404.html" was displayed to the user.]
@<1691015594301>:[A user navigated to "/wp-includes/wlwmanifest.xml" and the file "/404.html" was displayed to the user.]
@<1691015594861>:[A user navigated to "/administrator/index.php" and the file "/404.html" was displayed to the user.]
@<1691015595442>:[A user navigated to "/view-source:" and the file "/404.html" was displayed to the user.]
@<1691015596065>:[A user navigated to "/misc/ajax.js" and the file "/404.html" was displayed to the user.]
@<1691021235578>:[A user navigated to "/wp-includes/wlwmanifest.xml" and the file "/404.html" was displayed to the user.]
@<1691021236568>:[A user navigated to "/administrator/index.php" and the file "/404.html" was displayed to the user.]
@<1691021237115>:[A user navigated to "/view-source:" and the file "/404.html" was displayed to the user.]
@<1691021237794>:[A user navigated to "/misc/ajax.js" and the file "/404.html" was displayed to the user.]
@<1691052599201>:[A user navigated to "/sitemaps.xml" and the file "/404.html" was displayed to the user.]
@<1691055874461>:[A user navigated to "/sitemaps.xml" and the file "/404.html" was displayed to the user.]
@<1691068577534>:[A user navigated to "/beta/.git/config" and the file "/404.html" was displayed to the user.]
@<1691068577536>:[A user navigated to "/database/.git/config" and the file "/404.html" was displayed to the user.]
@<1691068577536>:[A user navigated to "/dev/.git/config" and the file "/404.html" was displayed to the user.]
@<1691068577539>:[A user navigated to "/data/.git/config" and the file "/404.html" was displayed to the user.]
@<1691068577544>:[A user navigated to "/wiki/.git/config" and the file "/404.html" was displayed to the user.]
@<1691068577544>:[A user navigated to "/media../.git/config" and the file "/404.html" was displayed to the user.]
@<1691068577545>:[A user navigated to "/git/.git/config" and the file "/404.html" was displayed to the user.]
@<1691068577547>:[A user navigated to "/repos/.git/config" and the file "/404.html" was displayed to the user.]
@<1691068577549>:[A user navigated to "/cms/.git/config" and the file "/404.html" was displayed to the user.]
@<1691068577549>:[A user navigated to "/backup/.git/config" and the file "/404.html" was displayed to the user.]
@<1691068577550>:[A user navigated to "/shop/.git/config" and the file "/404.html" was displayed to the user.]
@<1691068577552>:[A user navigated to "/api/user/v1/.git/config" and the file "/404.html" was displayed to the user.]
@<1691068577553>:[A user navigated to "/static../.git/config" and the file "/404.html" was displayed to the user.]
@<1691068577553>:[A user navigated to "/gateway/.git/config" and the file "/404.html" was displayed to the user.]
@<1691068577554>:[A user navigated to "/public/.git/config" and the file "/404.html" was displayed to the user.]
@<1691068577555>:[A user navigated to "/user/.git/config" and the file "/404.html" was displayed to the user.]
@<1691068577555>:[A user navigated to "/live/.git/config" and the file "/404.html" was displayed to the user.]
@<1691068577555>:[A user navigated to "/blog/wp-content/themes/.git/config" and the file "/404.html" was displayed to the user.]
@<1691068577556>:[A user navigated to "/developer/.git/config" and the file "/404.html" was displayed to the user.]
@<1691068577556>:[A user navigated to "/js../.git/config" and the file "/404.html" was displayed to the user.]
@<1691068577556>:[A user navigated to "/api/v1/.git/config" and the file "/404.html" was displayed to the user.]
@<1691068577559>:[A user navigated to "/v1/.git/config" and the file "/404.html" was displayed to the user.]
@<1691068577560>:[A user navigated to "/wp-content/themes/.git/config" and the file "/404.html" was displayed to the user.]
@<1691068577560>:[A user navigated to "/vendor/.git/config" and the file "/404.html" was displayed to the user.]
@<1691068577560>:[A user navigated to "/build/.git/config" and the file "/404.html" was displayed to the user.]
@<1691068577571>:[A user navigated to "/api/admin/v3/.git/config" and the file "/404.html" was displayed to the user.]
@<1691068577573>:[A user navigated to "/wp-content/plugins/.git/config" and the file "/404.html" was displayed to the user.]
@<1691068577577>:[A user navigated to "/old-cuburn/.git/config" and the file "/404.html" was displayed to the user.]
@<1691068577579>:[A user navigated to "/img../.git/config" and the file "/404.html" was displayed to the user.]
@<1691068577588>:[A user navigated to "/test/.git/config" and the file "/404.html" was displayed to the user.]
@<1691068577603>:[A user navigated to "/a/.git/config" and the file "/404.html" was displayed to the user.]
@<1691068577604>:[A user navigated to "/api/admin/v2/.git/config" and the file "/404.html" was displayed to the user.]
@<1691068577625>:[A user navigated to "/api/.git/config" and the file "/404.html" was displayed to the user.]
@<1691068577629>:[A user navigated to "/repository/.git/config" and the file "/404.html" was displayed to the user.]
@<1691068577640>:[A user navigated to "/api/v2/.git/config" and the file "/404.html" was displayed to the user.]
@<1691068577641>:[A user navigated to "/v3/.git/config" and the file "/404.html" was displayed to the user.]
@<1691068577644>:[A user navigated to "/m/.git/config" and the file "/404.html" was displayed to the user.]
@<1691068577652>:[A user navigated to "/api/user/v2/.git/config" and the file "/404.html" was displayed to the user.]
@<1691068577652>:[A user navigated to "/admin/.git/config" and the file "/404.html" was displayed to the user.]
@<1691068577654>:[A user navigated to "/__MACOSX/.git/config" and the file "/404.html" was displayed to the user.]
@<1691068577713>:[A user navigated to "/lib../.git/config" and the file "/404.html" was displayed to the user.]
@<1691068577714>:[A user navigated to "/static/.git/config" and the file "/404.html" was displayed to the user.]
@<1691068577727>:[A user navigated to "/api/v3/.git/config" and the file "/404.html" was displayed to the user.]
@<1691068577729>:[A user navigated to "/api/user/v4/.git/config" and the file "/404.html" was displayed to the user.]
@<1691068577731>:[A user navigated to "/events../.git/config" and the file "/404.html" was displayed to the user.]
@<1691068577733>:[A user navigated to "/common/.git/config" and the file "/404.html" was displayed to the user.]
@<1691068577735>:[A user navigated to "/api/admin/v4/.git/config" and the file "/404.html" was displayed to the user.]
@<1691068577735>:[A user navigated to "/api/v4/.git/config" and the file "/404.html" was displayed to the user.]
@<1691068577736>:[A user navigated to "/content../.git/config" and the file "/404.html" was displayed to the user.]
@<1691068577745>:[A user navigated to "/flock/.git/config" and the file "/404.html" was displayed to the user.]
@<1691068577747>:[A user navigated to "/aomanalyzer/.git/config" and the file "/404.html" was displayed to the user.]
@<1691068577749>:[A user navigated to "/wp-includes/js/.git/config" and the file "/404.html" was displayed to the user.]
@<1691068577753>:[A user navigated to "/alpha/.git/config" and the file "/404.html" was displayed to the user.]
@<1691068577754>:[A user navigated to "/store/.git/config" and the file "/404.html" was displayed to the user.]
@<1691068577755>:[A user navigated to "/web/.git/config" and the file "/404.html" was displayed to the user.]
@<1691068577758>:[A user navigated to "/blog/.git/config" and the file "/404.html" was displayed to the user.]
@<1691068577761>:[A user navigated to "/v2/.git/config" and the file "/404.html" was displayed to the user.]
@<1691068577773>:[A user navigated to "/staging/.git/config" and the file "/404.html" was displayed to the user.]
@<1691068577773>:[A user navigated to "/new/.git/config" and the file "/404.html" was displayed to the user.]
@<1691068577774>:[A user navigated to "/images../.git/config" and the file "/404.html" was displayed to the user.]
@<1691068577782>:[A user navigated to "/api/admin/v1/.git/config" and the file "/404.html" was displayed to the user.]
@<1691068577786>:[A user navigated to "/css../.git/config" and the file "/404.html" was displayed to the user.]
@<1691068577786>:[A user navigated to "/api/user/v3/.git/config" and the file "/404.html" was displayed to the user.]
@<1691068577789>:[A user navigated to "/samples/.git/config" and the file "/404.html" was displayed to the user.]
@<1691068577790>:[A user navigated to "/qa/.git/config" and the file "/404.html" was displayed to the user.]
@<1691068577834>:[A user navigated to "/site/.git/config" and the file "/404.html" was displayed to the user.]
@<1691068577835>:[A user navigated to "/amphtml/.git/config" and the file "/404.html" was displayed to the user.]
@<1691068577835>:[A user navigated to "/app/.git/config" and the file "/404.html" was displayed to the user.]
@<1691068577838>:[A user navigated to "/wp-content/.git/config" and the file "/404.html" was displayed to the user.]
@<1691068577849>:[A user navigated to "/s3/.git/config" and the file "/404.html" was displayed to the user.]
@<1691068577861>:[A user navigated to "/application/.git/config" and the file "/404.html" was displayed to the user.]
@<1691068577873>:[A user navigated to "/.git/config" and the file "/404.html" was displayed to the user.]
@<1691068577905>:[A user navigated to "/demo/.git/config" and the file "/404.html" was displayed to the user.]
@<1691068577923>:[A user navigated to "/assets../.git/config" and the file "/404.html" was displayed to the user.]
@<1691074633184>:[A user navigated to "/sitemaps.xml" and the file "/404.html" was displayed to the user.]
@<1691077777721>:[A user navigated to "/sitemaps.xml" and the file "/404.html" was displayed to the user.]
